<?xml version="1.0" encoding="UTF-8"?>
<coverage generated="1759083533491" clover="3.2.0">
  <project timestamp="1759083533491" name="All files">
    <metrics statements="5" coveredstatements="2" conditionals="7" coveredconditionals="3" methods="3" coveredmethods="1" elements="15" coveredelements="6" complexity="0" loc="5" ncloc="5" packages="1" files="1" classes="1"/>
    <file name="EmailValidator.ts" path="C:\Proyects\Testing_node\node-typescript-project\src\tranversalEmailValidator\EmailValidator.ts">
      <metrics statements="5" coveredstatements="2" conditionals="7" coveredconditionals="3" methods="3" coveredmethods="1"/>
      <line num="3" count="2" type="cond" truecount="3" falsecount="0"/>
      <line num="7" count="0" type="cond" truecount="0" falsecount="2"/>
      <line num="8" count="0" type="stmt"/>
      <line num="12" count="0" type="cond" truecount="0" falsecount="2"/>
      <line num="16" count="1" type="stmt"/>
    </file>
  </project>
</coverage>
