{"C:\\Proyects\\Testing_node\\node-typescript-project\\src\\tranversalEmailValidator\\EmailValidator.ts": {"path":"C:\\Proyects\\Testing_node\\node-typescript-project\\src\\tranversalEmailValidator\\EmailValidator.ts","statementMap":{"0":{"start":{"line":3,"column":8},"end":{"line":3,"column":75}},"1":{"start":{"line":7,"column":4},"end":{"line":7,"column":36}},"2":{"start":{"line":7,"column":23},"end":{"line":7,"column":36}},"3":{"start":{"line":8,"column":4},"end":{"line":8,"column":31}},"4":{"start":{"line":12,"column":8},"end":{"line":12,"column":52}},"5":{"start":{"line":16,"column":0},"end":{"line":16,"column":30}}},"fnMap":{"0":{"name":"(anonymous_0)","decl":{"start":{"line":2,"column":11},"end":{"line":2,"column":24}},"loc":{"start":{"line":2,"column":37},"end":{"line":4,"column":5}}},"1":{"name":"(anonymous_1)","decl":{"start":{"line":6,"column":10},"end":{"line":6,"column":18}},"loc":{"start":{"line":6,"column":32},"end":{"line":9,"column":1}}},"2":{"name":"(anonymous_2)","decl":{"start":{"line":11,"column":12},"end":{"line":11,"column":31}},"loc":{"start":{"line":11,"column":56},"end":{"line":13,"column":5}}}},"branchMap":{"0":{"loc":{"start":{"line":3,"column":15},"end":{"line":3,"column":74}},"type":"binary-expr","locations":[{"start":{"line":3,"column":15},"end":{"line":3,"column":28}},{"start":{"line":3,"column":32},"end":{"line":3,"column":51}},{"start":{"line":3,"column":55},"end":{"line":3,"column":74}}]},"1":{"loc":{"start":{"line":7,"column":4},"end":{"line":7,"column":36}},"type":"if","locations":[{"start":{"line":7,"column":4},"end":{"line":7,"column":36}},{"start":{},"end":{}}]},"2":{"loc":{"start":{"line":12,"column":15},"end":{"line":12,"column":51}},"type":"binary-expr","locations":[{"start":{"line":12,"column":15},"end":{"line":12,"column":28}},{"start":{"line":12,"column":32},"end":{"line":12,"column":51}}]}},"s":{"0":2,"1":0,"2":0,"3":0,"4":0,"5":1},"f":{"0":2,"1":0,"2":0},"b":{"0":[2,2,2],"1":[0,0],"2":[0,0]}}
}
